2021-01-22 04:12:14 - Starting SpringBootHelloWorldApplication on DESKTOP-VLML1U3 with PID 12856 (C:\Users\davyjones\Desktop\boot-contentnegotiationmanager\target\classes started by davyjones in C:\Users\davyjones\Desktop\boot-contentnegotiationmanager)
2021-01-22 04:12:14 - No active profile set, falling back to default profiles: default
2021-01-22 04:12:14 - Refreshing org.springframework.boot.context.embedded.AnnotationConfigEmbeddedWebApplicationContext@67c27493: startup date [Fri Jan 22 04:12:14 PST 2021]; root of context hierarchy
2021-01-22 04:12:15 - HV000001: Hibernate Validator 5.2.4.Final
2021-01-22 04:12:18 - Tomcat initialized with port(s): 8080 (http)
2021-01-22 04:12:18 - Starting service Tomcat
2021-01-22 04:12:18 - Starting Servlet Engine: Apache Tomcat/8.5.5
2021-01-22 04:12:18 - Initializing Spring embedded WebApplicationContext
2021-01-22 04:12:18 - Root WebApplicationContext: initialization completed in 4015 ms
2021-01-22 04:12:19 - Mapping servlet: 'dispatcherServlet' to [/]
2021-01-22 04:12:19 - Mapping filter: 'characterEncodingFilter' to: [/*]
2021-01-22 04:12:19 - Mapped "{[/employee],methods=[GET],produces=[application/json || application/xml]}" onto public com.javainuse.model.Employee com.javainuse.controllers.TestController.firstPage()
2021-01-22 04:12:19 - Mapped "{[/error]}" onto public org.springframework.http.ResponseEntity<java.util.Map<java.lang.String, java.lang.Object>> org.springframework.boot.autoconfigure.web.BasicErrorController.error(javax.servlet.http.HttpServletRequest)
2021-01-22 04:12:19 - Mapped "{[/error],produces=[text/html]}" onto public org.springframework.web.servlet.ModelAndView org.springframework.boot.autoconfigure.web.BasicErrorController.errorHtml(javax.servlet.http.HttpServletRequest,javax.servlet.http.HttpServletResponse)
2021-01-22 04:12:19 - Looking for @ControllerAdvice: org.springframework.boot.context.embedded.AnnotationConfigEmbeddedWebApplicationContext@67c27493: startup date [Fri Jan 22 04:12:14 PST 2021]; root of context hierarchy
2021-01-22 04:12:20 - Registering beans for JMX exposure on startup
2021-01-22 04:12:20 - Initializing ProtocolHandler ["http-nio-8080"]
2021-01-22 04:12:20 - Starting ProtocolHandler [http-nio-8080]
2021-01-22 04:12:20 - Using a shared selector for servlet write/read
2021-01-22 04:12:20 - Tomcat started on port(s): 8080 (http)
2021-01-22 04:12:20 - Started SpringBootHelloWorldApplication in 6.808 seconds (JVM running for 8.229)
2021-01-22 04:12:32 - Initializing Spring FrameworkServlet 'dispatcherServlet'
2021-01-22 04:12:32 - FrameworkServlet 'dispatcherServlet': initialization started
2021-01-22 04:12:32 - FrameworkServlet 'dispatcherServlet': initialization completed in 32 ms
